<?xml version="1.0" encoding="UTF-8"?>
<!-- Generated by org.testng.reporters.JUnitXMLReporter -->
<testsuite hostname="iza-Komputer" ignored="4" name="LoginAndCreateAnAccountTests" tests="5" failures="0" timestamp="21 Feb 2019 09:05:09 GMT" time="0.561" errors="0">
  <testcase name="@BeforeMethod setupBeforeMethod" time="0.0" classname="com.automationpractice.base.SetUps">
    <failure type="org.testng.TestNGException" message="
Parameter &amp;apos;openedURL&amp;apos; is required by BeforeMethod on method setupBeforeMethod but has not been marked @Optional or defined
in C:\Users\iza\eclipse-workspace\AutomationPracticeSelenium\testng.xml">
      <![CDATA[org.testng.TestNGException: 
Parameter 'openedURL' is required by BeforeMethod on method setupBeforeMethod but has not been marked @Optional or defined
in C:\Users\iza\eclipse-workspace\AutomationPracticeSelenium\testng.xml
... Removed 25 stack frames]]>
    </failure>
  </testcase> <!-- @BeforeMethod setupBeforeMethod -->
  <testcase name="@BeforeMethod setupBeforeMethod" time="0.0" classname="com.automationpractice.base.SetUps">
    <failure type="org.testng.TestNGException" message="
Parameter &amp;apos;openedURL&amp;apos; is required by BeforeMethod on method setupBeforeMethod but has not been marked @Optional or defined
in C:\Users\iza\eclipse-workspace\AutomationPracticeSelenium\testng.xml">
      <![CDATA[org.testng.TestNGException: 
Parameter 'openedURL' is required by BeforeMethod on method setupBeforeMethod but has not been marked @Optional or defined
in C:\Users\iza\eclipse-workspace\AutomationPracticeSelenium\testng.xml
... Removed 25 stack frames]]>
    </failure>
  </testcase> <!-- @BeforeMethod setupBeforeMethod -->
  <testcase name="@BeforeMethod setupBeforeMethod" time="0.0" classname="com.automationpractice.base.SetUps">
    <failure type="org.testng.TestNGException" message="
Parameter &amp;apos;openedURL&amp;apos; is required by BeforeMethod on method setupBeforeMethod but has not been marked @Optional or defined
in C:\Users\iza\eclipse-workspace\AutomationPracticeSelenium\testng.xml">
      <![CDATA[org.testng.TestNGException: 
Parameter 'openedURL' is required by BeforeMethod on method setupBeforeMethod but has not been marked @Optional or defined
in C:\Users\iza\eclipse-workspace\AutomationPracticeSelenium\testng.xml
... Removed 25 stack frames]]>
    </failure>
  </testcase> <!-- @BeforeMethod setupBeforeMethod -->
  <testcase name="@BeforeMethod setupBeforeMethod" time="0.0" classname="com.automationpractice.base.SetUps">
    <failure type="org.testng.TestNGException" message="
Parameter &amp;apos;openedURL&amp;apos; is required by BeforeMethod on method setupBeforeMethod but has not been marked @Optional or defined
in C:\Users\iza\eclipse-workspace\AutomationPracticeSelenium\testng.xml">
      <![CDATA[org.testng.TestNGException: 
Parameter 'openedURL' is required by BeforeMethod on method setupBeforeMethod but has not been marked @Optional or defined
in C:\Users\iza\eclipse-workspace\AutomationPracticeSelenium\testng.xml
... Removed 25 stack frames]]>
    </failure>
  </testcase> <!-- @BeforeMethod setupBeforeMethod -->
  <testcase name="@BeforeMethod setupBeforeMethod" time="0.0" classname="com.automationpractice.base.SetUps">
    <failure type="org.testng.TestNGException" message="
Parameter &amp;apos;openedURL&amp;apos; is required by BeforeMethod on method setupBeforeMethod but has not been marked @Optional or defined
in C:\Users\iza\eclipse-workspace\AutomationPracticeSelenium\testng.xml">
      <![CDATA[org.testng.TestNGException: 
Parameter 'openedURL' is required by BeforeMethod on method setupBeforeMethod but has not been marked @Optional or defined
in C:\Users\iza\eclipse-workspace\AutomationPracticeSelenium\testng.xml
... Removed 25 stack frames]]>
    </failure>
  </testcase> <!-- @BeforeMethod setupBeforeMethod -->
  <testcase name="enterCorrectLoginAndPasswordTest" time="0.0" classname="com.automationpractice.testcases.LoginAndCreateAnAccountPageTest">
    <skipped/>
  </testcase> <!-- enterCorrectLoginAndPasswordTest -->
  <testcase name="enterIncorrectLoginData" time="0.0" classname="com.automationpractice.testcases.LoginAndCreateAnAccountPageTest">
    <skipped/>
  </testcase> <!-- enterIncorrectLoginData -->
  <testcase name="enterIncorrectLoginData" time="0.0" classname="com.automationpractice.testcases.LoginAndCreateAnAccountPageTest">
    <skipped/>
  </testcase> <!-- enterIncorrectLoginData -->
  <testcase name="enterIncorrectLoginData" time="0.0" classname="com.automationpractice.testcases.LoginAndCreateAnAccountPageTest">
    <skipped/>
  </testcase> <!-- enterIncorrectLoginData -->
  <testcase name="enterIncorrectLoginData" time="0.0" classname="com.automationpractice.testcases.LoginAndCreateAnAccountPageTest">
    <skipped/>
  </testcase> <!-- enterIncorrectLoginData -->
  <testcase name="enterIncorrectEmailTest" time="0.0" classname="com.automationpractice.testcases.LoginAndCreateAnAccountPageTest">
    <ignored/>
  </testcase> <!-- enterIncorrectEmailTest -->
  <testcase name="enterExistingEmailTest" time="0.0" classname="com.automationpractice.testcases.LoginAndCreateAnAccountPageTest">
    <ignored/>
  </testcase> <!-- enterExistingEmailTest -->
  <testcase name="enterCorrectEmailTest" time="0.0" classname="com.automationpractice.testcases.LoginAndCreateAnAccountPageTest">
    <ignored/>
  </testcase> <!-- enterCorrectEmailTest -->
  <testcase name="fillAllRegistrationFormWithCorrectData" time="0.0" classname="com.automationpractice.testcases.LoginAndCreateAnAccountPageTest">
    <ignored/>
  </testcase> <!-- fillAllRegistrationFormWithCorrectData -->
</testsuite> <!-- LoginAndCreateAnAccountTests -->
